<?xml version="1.0" encoding="UTF-8"?>
<coverage generated="1745474898527" clover="3.2.0">
  <project timestamp="1745474898527" name="All files">
    <metrics statements="40" coveredstatements="38" conditionals="34" coveredconditionals="24" methods="9" coveredmethods="7" elements="83" coveredelements="69" complexity="0" loc="40" ncloc="40" packages="1" files="1" classes="1"/>
    <file name="index.js" path="C:\Users\sagar\OneDrive\Desktop\latencyjs\index.js">
      <metrics statements="40" coveredstatements="38" conditionals="34" coveredconditionals="24" methods="9" coveredmethods="7"/>
      <line num="2" count="1" type="stmt"/>
      <line num="3" count="1" type="stmt"/>
      <line num="6" count="1" type="stmt"/>
      <line num="19" count="6" type="stmt"/>
      <line num="21" count="6" type="cond" truecount="2" falsecount="0"/>
      <line num="22" count="1" type="stmt"/>
      <line num="29" count="5" type="stmt"/>
      <line num="32" count="5" type="stmt"/>
      <line num="35" count="12" type="stmt"/>
      <line num="40" count="5" type="cond" truecount="1" falsecount="1"/>
      <line num="41" count="5" type="stmt"/>
      <line num="48" count="5" type="cond" truecount="2" falsecount="0"/>
      <line num="49" count="2" type="stmt"/>
      <line num="53" count="2" type="stmt"/>
      <line num="54" count="2" type="stmt"/>
      <line num="60" count="5" type="stmt"/>
      <line num="69" count="7" type="cond" truecount="1" falsecount="1"/>
      <line num="70" count="0" type="stmt"/>
      <line num="82" count="7" type="stmt"/>
      <line num="84" count="7" type="stmt"/>
      <line num="86" count="7" type="stmt"/>
      <line num="87" count="8" type="stmt"/>
      <line num="89" count="8" type="stmt"/>
      <line num="90" count="8" type="stmt"/>
      <line num="91" count="8" type="stmt"/>
      <line num="94" count="8" type="cond" truecount="3" falsecount="1"/>
      <line num="96" count="8" type="cond" truecount="2" falsecount="0"/>
      <line num="98" count="7" type="cond" truecount="2" falsecount="0"/>
      <line num="99" count="6" type="stmt"/>
      <line num="102" count="7" type="stmt"/>
      <line num="104" count="7" type="cond" truecount="3" falsecount="1"/>
      <line num="106" count="4" type="stmt"/>
      <line num="107" count="4" type="stmt"/>
      <line num="109" count="2" type="stmt"/>
      <line num="110" count="2" type="stmt"/>
      <line num="112" count="1" type="stmt"/>
      <line num="113" count="1" type="stmt"/>
      <line num="115" count="0" type="stmt"/>
      <line num="120" count="8" type="stmt"/>
      <line num="124" count="1" type="stmt"/>
    </file>
  </project>
</coverage>
