{"C:\\Users\\sagar\\OneDrive\\Desktop\\latencyjs\\index.js": {"path":"C:\\Users\\sagar\\OneDrive\\Desktop\\latencyjs\\index.js","statementMap":{"0":{"start":{"line":2,"column":16},"end":{"line":2,"column":34}},"1":{"start":{"line":3,"column":15},"end":{"line":3,"column":32}},"2":{"start":{"line":6,"column":0},"end":{"line":10,"column":3}},"3":{"start":{"line":19,"column":8},"end":{"line":19,"column":15}},"4":{"start":{"line":21,"column":4},"end":{"line":27,"column":5}},"5":{"start":{"line":22,"column":8},"end":{"line":26,"column":10}},"6":{"start":{"line":29,"column":23},"end":{"line":29,"column":25}},"7":{"start":{"line":32,"column":26},"end":{"line":37,"column":5}},"8":{"start":{"line":35,"column":12},"end":{"line":35,"column":72}},"9":{"start":{"line":40,"column":4},"end":{"line":45,"column":5}},"10":{"start":{"line":41,"column":8},"end":{"line":44,"column":12}},"11":{"start":{"line":48,"column":4},"end":{"line":58,"column":5}},"12":{"start":{"line":49,"column":8},"end":{"line":57,"column":12}},"13":{"start":{"line":53,"column":43},"end":{"line":53,"column":65}},"14":{"start":{"line":54,"column":20},"end":{"line":54,"column":87}},"15":{"start":{"line":60,"column":4},"end":{"line":64,"column":7}},"16":{"start":{"line":69,"column":4},"end":{"line":71,"column":5}},"17":{"start":{"line":70,"column":8},"end":{"line":70,"column":41}},"18":{"start":{"line":82,"column":8},"end":{"line":82,"column":15}},"19":{"start":{"line":84,"column":17},"end":{"line":84,"column":21}},"20":{"start":{"line":86,"column":4},"end":{"line":121,"column":6}},"21":{"start":{"line":87,"column":22},"end":{"line":87,"column":38}},"22":{"start":{"line":89,"column":8},"end":{"line":118,"column":11}},"23":{"start":{"line":90,"column":29},"end":{"line":90,"column":50}},"24":{"start":{"line":91,"column":33},"end":{"line":91,"column":75}},"25":{"start":{"line":94,"column":36},"end":{"line":94,"column":110}},"26":{"start":{"line":96,"column":12},"end":{"line":117,"column":13}},"27":{"start":{"line":98,"column":16},"end":{"line":100,"column":17}},"28":{"start":{"line":99,"column":20},"end":{"line":99,"column":51}},"29":{"start":{"line":102,"column":35},"end":{"line":102,"column":171}},"30":{"start":{"line":104,"column":16},"end":{"line":116,"column":17}},"31":{"start":{"line":106,"column":24},"end":{"line":106,"column":48}},"32":{"start":{"line":107,"column":24},"end":{"line":107,"column":30}},"33":{"start":{"line":109,"column":24},"end":{"line":109,"column":48}},"34":{"start":{"line":110,"column":24},"end":{"line":110,"column":30}},"35":{"start":{"line":112,"column":24},"end":{"line":112,"column":49}},"36":{"start":{"line":113,"column":24},"end":{"line":113,"column":30}},"37":{"start":{"line":115,"column":24},"end":{"line":115,"column":48}},"38":{"start":{"line":120,"column":8},"end":{"line":120,"column":15}},"39":{"start":{"line":124,"column":0},"end":{"line":124,"column":25}}},"fnMap":{"0":{"name":"createLogger","decl":{"start":{"line":12,"column":9},"end":{"line":12,"column":21}},"loc":{"start":{"line":12,"column":36},"end":{"line":65,"column":1}},"line":12},"1":{"name":"(anonymous_1)","decl":{"start":{"line":23,"column":18},"end":{"line":23,"column":19}},"loc":{"start":{"line":23,"column":24},"end":{"line":23,"column":26}},"line":23},"2":{"name":"(anonymous_2)","decl":{"start":{"line":24,"column":18},"end":{"line":24,"column":19}},"loc":{"start":{"line":24,"column":24},"end":{"line":24,"column":26}},"line":24},"3":{"name":"(anonymous_3)","decl":{"start":{"line":25,"column":19},"end":{"line":25,"column":20}},"loc":{"start":{"line":25,"column":25},"end":{"line":25,"column":27}},"line":25},"4":{"name":"(anonymous_4)","decl":{"start":{"line":34,"column":30},"end":{"line":34,"column":31}},"loc":{"start":{"line":34,"column":65},"end":{"line":36,"column":9}},"line":34},"5":{"name":"(anonymous_5)","decl":{"start":{"line":52,"column":38},"end":{"line":52,"column":39}},"loc":{"start":{"line":52,"column":73},"end":{"line":55,"column":17}},"line":52},"6":{"name":"latency","decl":{"start":{"line":67,"column":9},"end":{"line":67,"column":16}},"loc":{"start":{"line":67,"column":31},"end":{"line":122,"column":1}},"line":67},"7":{"name":"(anonymous_7)","decl":{"start":{"line":86,"column":11},"end":{"line":86,"column":12}},"loc":{"start":{"line":86,"column":43},"end":{"line":121,"column":5}},"line":86},"8":{"name":"(anonymous_8)","decl":{"start":{"line":89,"column":25},"end":{"line":89,"column":26}},"loc":{"start":{"line":89,"column":31},"end":{"line":118,"column":9}},"line":89}},"branchMap":{"0":{"loc":{"start":{"line":12,"column":22},"end":{"line":12,"column":34}},"type":"default-arg","locations":[{"start":{"line":12,"column":32},"end":{"line":12,"column":34}}],"line":12},"1":{"loc":{"start":{"line":14,"column":8},"end":{"line":14,"column":22}},"type":"default-arg","locations":[{"start":{"line":14,"column":18},"end":{"line":14,"column":22}}],"line":14},"2":{"loc":{"start":{"line":15,"column":8},"end":{"line":15,"column":22}},"type":"default-arg","locations":[{"start":{"line":15,"column":16},"end":{"line":15,"column":22}}],"line":15},"3":{"loc":{"start":{"line":16,"column":8},"end":{"line":16,"column":37}},"type":"default-arg","locations":[{"start":{"line":16,"column":18},"end":{"line":16,"column":37}}],"line":16},"4":{"loc":{"start":{"line":17,"column":8},"end":{"line":17,"column":21}},"type":"default-arg","locations":[{"start":{"line":17,"column":17},"end":{"line":17,"column":21}}],"line":17},"5":{"loc":{"start":{"line":18,"column":8},"end":{"line":18,"column":29}},"type":"default-arg","locations":[{"start":{"line":18,"column":25},"end":{"line":18,"column":29}}],"line":18},"6":{"loc":{"start":{"line":21,"column":4},"end":{"line":27,"column":5}},"type":"if","locations":[{"start":{"line":21,"column":4},"end":{"line":27,"column":5}},{"start":{},"end":{}}],"line":21},"7":{"loc":{"start":{"line":40,"column":4},"end":{"line":45,"column":5}},"type":"if","locations":[{"start":{"line":40,"column":4},"end":{"line":45,"column":5}},{"start":{},"end":{}}],"line":40},"8":{"loc":{"start":{"line":43,"column":20},"end":{"line":43,"column":43}},"type":"binary-expr","locations":[{"start":{"line":43,"column":20},"end":{"line":43,"column":26}},{"start":{"line":43,"column":30},"end":{"line":43,"column":43}}],"line":43},"9":{"loc":{"start":{"line":48,"column":4},"end":{"line":58,"column":5}},"type":"if","locations":[{"start":{"line":48,"column":4},"end":{"line":58,"column":5}},{"start":{},"end":{}}],"line":48},"10":{"loc":{"start":{"line":50,"column":20},"end":{"line":56,"column":13}},"type":"binary-expr","locations":[{"start":{"line":50,"column":20},"end":{"line":50,"column":26}},{"start":{"line":50,"column":30},"end":{"line":56,"column":13}}],"line":50},"11":{"loc":{"start":{"line":67,"column":17},"end":{"line":67,"column":29}},"type":"default-arg","locations":[{"start":{"line":67,"column":27},"end":{"line":67,"column":29}}],"line":67},"12":{"loc":{"start":{"line":69,"column":4},"end":{"line":71,"column":5}},"type":"if","locations":[{"start":{"line":69,"column":4},"end":{"line":71,"column":5}},{"start":{},"end":{}}],"line":69},"13":{"loc":{"start":{"line":74,"column":8},"end":{"line":74,"column":23}},"type":"default-arg","locations":[{"start":{"line":74,"column":20},"end":{"line":74,"column":23}}],"line":74},"14":{"loc":{"start":{"line":75,"column":8},"end":{"line":80,"column":9}},"type":"default-arg","locations":[{"start":{"line":75,"column":18},"end":{"line":80,"column":9}}],"line":75},"15":{"loc":{"start":{"line":81,"column":8},"end":{"line":81,"column":31}},"type":"default-arg","locations":[{"start":{"line":81,"column":27},"end":{"line":81,"column":31}}],"line":81},"16":{"loc":{"start":{"line":94,"column":36},"end":{"line":94,"column":110}},"type":"cond-expr","locations":[{"start":{"line":94,"column":56},"end":{"line":94,"column":97}},{"start":{"line":94,"column":101},"end":{"line":94,"column":110}}],"line":94},"17":{"loc":{"start":{"line":94,"column":56},"end":{"line":94,"column":97}},"type":"binary-expr","locations":[{"start":{"line":94,"column":56},"end":{"line":94,"column":84}},{"start":{"line":94,"column":88},"end":{"line":94,"column":97}}],"line":94},"18":{"loc":{"start":{"line":96,"column":12},"end":{"line":117,"column":13}},"type":"if","locations":[{"start":{"line":96,"column":12},"end":{"line":117,"column":13}},{"start":{},"end":{}}],"line":96},"19":{"loc":{"start":{"line":98,"column":16},"end":{"line":100,"column":17}},"type":"if","locations":[{"start":{"line":98,"column":16},"end":{"line":100,"column":17}},{"start":{},"end":{}}],"line":98},"20":{"loc":{"start":{"line":104,"column":16},"end":{"line":116,"column":17}},"type":"switch","locations":[{"start":{"line":105,"column":20},"end":{"line":107,"column":30}},{"start":{"line":108,"column":20},"end":{"line":110,"column":30}},{"start":{"line":111,"column":20},"end":{"line":113,"column":30}},{"start":{"line":114,"column":20},"end":{"line":115,"column":48}}],"line":104}},"s":{"0":1,"1":1,"2":1,"3":6,"4":6,"5":1,"6":5,"7":5,"8":12,"9":5,"10":5,"11":5,"12":2,"13":2,"14":2,"15":5,"16":7,"17":0,"18":7,"19":7,"20":7,"21":8,"22":8,"23":8,"24":8,"25":8,"26":8,"27":7,"28":6,"29":7,"30":7,"31":4,"32":4,"33":2,"34":2,"35":1,"36":1,"37":0,"38":8,"39":1},"f":{"0":6,"1":0,"2":1,"3":0,"4":12,"5":2,"6":7,"7":8,"8":8},"b":{"0":[0],"1":[5],"2":[0],"3":[0],"4":[4],"5":[0],"6":[1,5],"7":[5,0],"8":[5,5],"9":[2,3],"10":[2,2],"11":[0],"12":[0,7],"13":[0],"14":[2],"15":[6],"16":[2,6],"17":[2,0],"18":[7,1],"19":[6,1],"20":[4,2,1,0]},"_coverageSchema":"1a1c01bbd47fc00a2c39e90264f33305004495a9","hash":"ea72a27b750b7c981eb7d8fe2560c7a922624843"}
}
