TN:
SF:index.js
FN:12,createLogger
FN:23,(anonymous_1)
FN:24,(anonymous_2)
FN:25,(anonymous_3)
FN:34,(anonymous_4)
FN:52,(anonymous_5)
FN:67,latency
FN:86,(anonymous_7)
FN:89,(anonymous_8)
FNF:9
FNH:7
FNDA:6,createLogger
FNDA:0,(anonymous_1)
FNDA:1,(anonymous_2)
FNDA:0,(anonymous_3)
FNDA:12,(anonymous_4)
FNDA:2,(anonymous_5)
FNDA:7,latency
FNDA:8,(anonymous_7)
FNDA:8,(anonymous_8)
DA:2,1
DA:3,1
DA:6,1
DA:19,6
DA:21,6
DA:22,1
DA:29,5
DA:32,5
DA:35,12
DA:40,5
DA:41,5
DA:48,5
DA:49,2
DA:53,2
DA:54,2
DA:60,5
DA:69,7
DA:70,0
DA:82,7
DA:84,7
DA:86,7
DA:87,8
DA:89,8
DA:90,8
DA:91,8
DA:94,8
DA:96,8
DA:98,7
DA:99,6
DA:102,7
DA:104,7
DA:106,4
DA:107,4
DA:109,2
DA:110,2
DA:112,1
DA:113,1
DA:115,0
DA:120,8
DA:124,1
LF:40
LH:38
BRDA:12,0,0,0
BRDA:14,1,0,5
BRDA:15,2,0,0
BRDA:16,3,0,0
BRDA:17,4,0,4
BRDA:18,5,0,0
BRDA:21,6,0,1
BRDA:21,6,1,5
BRDA:40,7,0,5
BRDA:40,7,1,0
BRDA:43,8,0,5
BRDA:43,8,1,5
BRDA:48,9,0,2
BRDA:48,9,1,3
BRDA:50,10,0,2
BRDA:50,10,1,2
BRDA:67,11,0,0
BRDA:69,12,0,0
BRDA:69,12,1,7
BRDA:74,13,0,0
BRDA:75,14,0,2
BRDA:81,15,0,6
BRDA:94,16,0,2
BRDA:94,16,1,6
BRDA:94,17,0,2
BRDA:94,17,1,0
BRDA:96,18,0,7
BRDA:96,18,1,1
BRDA:98,19,0,6
BRDA:98,19,1,1
BRDA:104,20,0,4
BRDA:104,20,1,2
BRDA:104,20,2,1
BRDA:104,20,3,0
BRF:34
BRH:24
end_of_record
